Copyright 1986-2022 Xilinx, Inc. All Rights Reserved. Copyright 2022-2023 Advanced Micro Devices, Inc. All Rights Reserved.
---------------------------------------------------------------------------------------------------------------------------------------------
| Tool Version : Vivado v.2023.1 (win64) Build 3865809 Sun May  7 15:05:29 MDT 2023
| Date         : Sat Nov 11 16:11:57 2023
| Host         : DESKTOP-B5G40IL running 64-bit major release  (build 9200)
| Command      : report_control_sets -verbose -file TopFile_control_sets_placed.rpt
| Design       : TopFile
| Device       : xc7a35t
---------------------------------------------------------------------------------------------------------------------------------------------

Control Set Information

Table of Contents
-----------------
1. Summary
2. Histogram
3. Flip-Flop Distribution
4. Detailed Control Set Information

1. Summary
----------

+----------------------------------------------------------+-------+
|                          Status                          | Count |
+----------------------------------------------------------+-------+
| Total control sets                                       |    16 |
|    Minimum number of control sets                        |    16 |
|    Addition due to synthesis replication                 |     0 |
|    Addition due to physical synthesis replication        |     0 |
| Unused register locations in slices containing registers |    86 |
+----------------------------------------------------------+-------+
* Control sets can be merged at opt_design using control_set_merge or merge_equivalent_drivers
** Run report_qor_suggestions for automated merging and remapping suggestions


2. Histogram
------------

+--------------------+-------+
|       Fanout       | Count |
+--------------------+-------+
| Total control sets |    16 |
| >= 0 to < 4        |     9 |
| >= 4 to < 6        |     4 |
| >= 6 to < 8        |     0 |
| >= 8 to < 10       |     0 |
| >= 10 to < 12      |     0 |
| >= 12 to < 14      |     1 |
| >= 14 to < 16      |     2 |
| >= 16              |     0 |
+--------------------+-------+
* Control sets can be remapped at either synth_design or opt_design


3. Flip-Flop Distribution
-------------------------

+--------------+-----------------------+------------------------+-----------------+--------------+
| Clock Enable | Synchronous Set/Reset | Asynchronous Set/Reset | Total Registers | Total Slices |
+--------------+-----------------------+------------------------+-----------------+--------------+
| No           | No                    | No                     |              12 |            4 |
| No           | No                    | Yes                    |               0 |            0 |
| No           | Yes                   | No                     |              28 |            8 |
| Yes          | No                    | No                     |              26 |           15 |
| Yes          | No                    | Yes                    |               0 |            0 |
| Yes          | Yes                   | No                     |               0 |            0 |
+--------------+-----------------------+------------------------+-----------------+--------------+


4. Detailed Control Set Information
-----------------------------------

+----------------+----------------------------------+------------------------------+------------------+----------------+--------------+
|  Clock Signal  |           Enable Signal          |       Set/Reset Signal       | Slice Load Count | Bel Load Count | Bels / Slice |
+----------------+----------------------------------+------------------------------+------------------+----------------+--------------+
|  clk_IBUF_BUFG | instRx/dataIn[0]                 |                              |                1 |              1 |         1.00 |
|  clk_IBUF_BUFG | instRx/dataIn[1]                 |                              |                1 |              1 |         1.00 |
|  clk_IBUF_BUFG | instRx/dataIn[2]                 |                              |                1 |              1 |         1.00 |
|  clk_IBUF_BUFG | instRx/dataIn[3]                 |                              |                1 |              1 |         1.00 |
|  clk_IBUF_BUFG | instRx/dataIn[4]                 |                              |                1 |              1 |         1.00 |
|  clk_IBUF_BUFG | instRx/dataIn[5]                 |                              |                1 |              1 |         1.00 |
|  clk_IBUF_BUFG | instRx/dataIn[6]                 |                              |                1 |              1 |         1.00 |
|  clk_IBUF_BUFG | instRx/dataIn[7]                 |                              |                1 |              1 |         1.00 |
|  clk_IBUF_BUFG | instTx/FIFO_SYNC_MACRO_inst/RsTx |                              |                2 |              2 |         1.00 |
|  clk_IBUF_BUFG | instRx/state                     |                              |                1 |              4 |         4.00 |
|  clk_IBUF_BUFG | instTx/FIFO_SYNC_MACRO_inst/RST  |                              |                1 |              4 |         4.00 |
|  clk_IBUF_BUFG | instTx/FIFO_SYNC_MACRO_inst/E[0] |                              |                2 |              4 |         2.00 |
|  clk_IBUF_BUFG | instRx/FIFO_SYNC_MACRO_inst/E[0] |                              |                1 |              4 |         4.00 |
|  clk_IBUF_BUFG |                                  |                              |                4 |             12 |         3.00 |
|  clk_IBUF_BUFG |                                  | instTx/counter[0]_i_1__0_n_0 |                4 |             14 |         3.50 |
|  clk_IBUF_BUFG |                                  | instRx/counter[0]_i_1_n_0    |                4 |             14 |         3.50 |
+----------------+----------------------------------+------------------------------+------------------+----------------+--------------+


